{"C:\\Users\\nsingh\\Documents\\Projects\\MicroBlog\\index.js": {"path":"C:\\Users\\nsingh\\Documents\\Projects\\MicroBlog\\index.js","statementMap":{"0":{"start":{"line":9,"column":16},"end":{"line":9,"column":34}},"1":{"start":{"line":10,"column":13},"end":{"line":10,"column":28}},"2":{"start":{"line":11,"column":19},"end":{"line":11,"column":41}},"3":{"start":{"line":12,"column":12},"end":{"line":12,"column":21}},"4":{"start":{"line":13,"column":11},"end":{"line":13,"column":31}},"5":{"start":{"line":14,"column":13},"end":{"line":14,"column":17}},"6":{"start":{"line":15,"column":19},"end":{"line":15,"column":43}},"7":{"start":{"line":17,"column":0},"end":{"line":17,"column":29}},"8":{"start":{"line":20,"column":0},"end":{"line":20,"column":24}},"9":{"start":{"line":21,"column":0},"end":{"line":21,"column":26}},"10":{"start":{"line":22,"column":0},"end":{"line":26,"column":1}},"11":{"start":{"line":27,"column":0},"end":{"line":31,"column":3}},"12":{"start":{"line":28,"column":2},"end":{"line":28,"column":73}},"13":{"start":{"line":29,"column":2},"end":{"line":29,"column":100}},"14":{"start":{"line":30,"column":2},"end":{"line":30,"column":9}},"15":{"start":{"line":33,"column":0},"end":{"line":36,"column":2}},"16":{"start":{"line":35,"column":2},"end":{"line":35,"column":97}},"17":{"start":{"line":39,"column":0},"end":{"line":41,"column":2}},"18":{"start":{"line":40,"column":2},"end":{"line":40,"column":46}},"19":{"start":{"line":44,"column":0},"end":{"line":46,"column":2}},"20":{"start":{"line":45,"column":2},"end":{"line":45,"column":36}},"21":{"start":{"line":49,"column":0},"end":{"line":52,"column":2}},"22":{"start":{"line":51,"column":2},"end":{"line":51,"column":60}},"23":{"start":{"line":55,"column":0},"end":{"line":57,"column":3}},"24":{"start":{"line":56,"column":2},"end":{"line":56,"column":41}},"25":{"start":{"line":60,"column":0},"end":{"line":62,"column":3}},"26":{"start":{"line":61,"column":2},"end":{"line":61,"column":141}},"27":{"start":{"line":65,"column":0},"end":{"line":67,"column":3}},"28":{"start":{"line":66,"column":2},"end":{"line":66,"column":34}},"29":{"start":{"line":70,"column":0},"end":{"line":72,"column":3}},"30":{"start":{"line":71,"column":2},"end":{"line":71,"column":141}},"31":{"start":{"line":75,"column":0},"end":{"line":77,"column":3}},"32":{"start":{"line":76,"column":2},"end":{"line":76,"column":35}},"33":{"start":{"line":80,"column":0},"end":{"line":82,"column":3}},"34":{"start":{"line":81,"column":2},"end":{"line":81,"column":50}},"35":{"start":{"line":85,"column":0},"end":{"line":87,"column":3}},"36":{"start":{"line":86,"column":2},"end":{"line":86,"column":35}},"37":{"start":{"line":90,"column":0},"end":{"line":92,"column":3}},"38":{"start":{"line":91,"column":2},"end":{"line":91,"column":54}},"39":{"start":{"line":95,"column":0},"end":{"line":97,"column":3}},"40":{"start":{"line":96,"column":2},"end":{"line":96,"column":46}},"41":{"start":{"line":100,"column":0},"end":{"line":102,"column":3}},"42":{"start":{"line":101,"column":2},"end":{"line":101,"column":53}},"43":{"start":{"line":105,"column":0},"end":{"line":107,"column":3}},"44":{"start":{"line":106,"column":2},"end":{"line":106,"column":38}},"45":{"start":{"line":113,"column":0},"end":{"line":113,"column":21}}},"fnMap":{"0":{"name":"(anonymous_0)","decl":{"start":{"line":27,"column":8},"end":{"line":27,"column":9}},"loc":{"start":{"line":27,"column":37},"end":{"line":31,"column":1}},"line":27},"1":{"name":"(anonymous_1)","decl":{"start":{"line":33,"column":21},"end":{"line":33,"column":22}},"loc":{"start":{"line":33,"column":44},"end":{"line":36,"column":1}},"line":33},"2":{"name":"(anonymous_2)","decl":{"start":{"line":39,"column":20},"end":{"line":39,"column":21}},"loc":{"start":{"line":39,"column":43},"end":{"line":41,"column":1}},"line":39},"3":{"name":"(anonymous_3)","decl":{"start":{"line":44,"column":17},"end":{"line":44,"column":18}},"loc":{"start":{"line":44,"column":40},"end":{"line":46,"column":1}},"line":44},"4":{"name":"(anonymous_4)","decl":{"start":{"line":49,"column":19},"end":{"line":49,"column":20}},"loc":{"start":{"line":49,"column":42},"end":{"line":52,"column":1}},"line":49},"5":{"name":"(anonymous_5)","decl":{"start":{"line":55,"column":13},"end":{"line":55,"column":14}},"loc":{"start":{"line":55,"column":36},"end":{"line":57,"column":1}},"line":55},"6":{"name":"(anonymous_6)","decl":{"start":{"line":60,"column":18},"end":{"line":60,"column":19}},"loc":{"start":{"line":60,"column":41},"end":{"line":62,"column":1}},"line":60},"7":{"name":"(anonymous_7)","decl":{"start":{"line":65,"column":19},"end":{"line":65,"column":20}},"loc":{"start":{"line":65,"column":42},"end":{"line":67,"column":1}},"line":65},"8":{"name":"(anonymous_8)","decl":{"start":{"line":70,"column":19},"end":{"line":70,"column":20}},"loc":{"start":{"line":70,"column":42},"end":{"line":72,"column":1}},"line":70},"9":{"name":"(anonymous_9)","decl":{"start":{"line":75,"column":20},"end":{"line":75,"column":21}},"loc":{"start":{"line":75,"column":43},"end":{"line":77,"column":1}},"line":75},"10":{"name":"(anonymous_10)","decl":{"start":{"line":80,"column":23},"end":{"line":80,"column":24}},"loc":{"start":{"line":80,"column":46},"end":{"line":82,"column":1}},"line":80},"11":{"name":"(anonymous_11)","decl":{"start":{"line":85,"column":24},"end":{"line":85,"column":25}},"loc":{"start":{"line":85,"column":47},"end":{"line":87,"column":1}},"line":85},"12":{"name":"(anonymous_12)","decl":{"start":{"line":90,"column":27},"end":{"line":90,"column":28}},"loc":{"start":{"line":90,"column":50},"end":{"line":92,"column":1}},"line":90},"13":{"name":"(anonymous_13)","decl":{"start":{"line":95,"column":19},"end":{"line":95,"column":20}},"loc":{"start":{"line":95,"column":42},"end":{"line":97,"column":1}},"line":95},"14":{"name":"(anonymous_14)","decl":{"start":{"line":100,"column":26},"end":{"line":100,"column":27}},"loc":{"start":{"line":100,"column":49},"end":{"line":102,"column":1}},"line":100},"15":{"name":"(anonymous_15)","decl":{"start":{"line":105,"column":27},"end":{"line":105,"column":28}},"loc":{"start":{"line":105,"column":50},"end":{"line":107,"column":1}},"line":105}},"branchMap":{},"s":{"0":1,"1":1,"2":1,"3":1,"4":1,"5":1,"6":1,"7":1,"8":1,"9":1,"10":1,"11":1,"12":21,"13":21,"14":21,"15":1,"16":0,"17":1,"18":3,"19":1,"20":0,"21":1,"22":1,"23":1,"24":1,"25":1,"26":1,"27":1,"28":3,"29":1,"30":1,"31":1,"32":2,"33":1,"34":2,"35":1,"36":1,"37":1,"38":2,"39":1,"40":1,"41":1,"42":2,"43":1,"44":1,"45":1},"f":{"0":21,"1":0,"2":3,"3":0,"4":1,"5":1,"6":1,"7":3,"8":1,"9":2,"10":2,"11":1,"12":2,"13":1,"14":2,"15":1},"b":{},"_coverageSchema":"1a1c01bbd47fc00a2c39e90264f33305004495a9","hash":"633c03d69e5af8f83e6f9467fa936038bf869f7e"}
,"C:\\Users\\nsingh\\Documents\\Projects\\MicroBlog\\queries.js": {"path":"C:\\Users\\nsingh\\Documents\\Projects\\MicroBlog\\queries.js","statementMap":{"0":{"start":{"line":8,"column":13},"end":{"line":8,"column":31}},"1":{"start":{"line":9,"column":13},"end":{"line":15,"column":2}},"2":{"start":{"line":18,"column":4},"end":{"line":18,"column":36}},"3":{"start":{"line":22,"column":4},"end":{"line":33,"column":5}},"4":{"start":{"line":23,"column":8},"end":{"line":28,"column":113}},"5":{"start":{"line":23,"column":37},"end":{"line":23,"column":68}},"6":{"start":{"line":24,"column":13},"end":{"line":28,"column":113}},"7":{"start":{"line":24,"column":36},"end":{"line":24,"column":70}},"8":{"start":{"line":25,"column":13},"end":{"line":28,"column":113}},"9":{"start":{"line":25,"column":45},"end":{"line":25,"column":106}},"10":{"start":{"line":26,"column":13},"end":{"line":28,"column":113}},"11":{"start":{"line":26,"column":49},"end":{"line":26,"column":83}},"12":{"start":{"line":27,"column":13},"end":{"line":28,"column":113}},"13":{"start":{"line":27,"column":41},"end":{"line":27,"column":67}},"14":{"start":{"line":28,"column":13},"end":{"line":28,"column":113}},"15":{"start":{"line":28,"column":48},"end":{"line":28,"column":111}},"16":{"start":{"line":31,"column":8},"end":{"line":32,"column":138}},"17":{"start":{"line":31,"column":31},"end":{"line":31,"column":59}},"18":{"start":{"line":32,"column":15},"end":{"line":32,"column":136}},"19":{"start":{"line":37,"column":4},"end":{"line":39,"column":7}},"20":{"start":{"line":38,"column":8},"end":{"line":38,"column":35}},"21":{"start":{"line":38,"column":21},"end":{"line":38,"column":33}},"22":{"start":{"line":42,"column":17},"end":{"line":54,"column":1}},"23":{"start":{"line":44,"column":4},"end":{"line":51,"column":6}},"24":{"start":{"line":45,"column":8},"end":{"line":45,"column":57}},"25":{"start":{"line":45,"column":21},"end":{"line":45,"column":33}},"26":{"start":{"line":45,"column":34},"end":{"line":45,"column":55}},"27":{"start":{"line":47,"column":16},"end":{"line":47,"column":41}},"28":{"start":{"line":48,"column":8},"end":{"line":48,"column":34}},"29":{"start":{"line":50,"column":8},"end":{"line":50,"column":101}},"30":{"start":{"line":56,"column":23},"end":{"line":66,"column":1}},"31":{"start":{"line":57,"column":4},"end":{"line":64,"column":6}},"32":{"start":{"line":58,"column":8},"end":{"line":58,"column":57}},"33":{"start":{"line":58,"column":21},"end":{"line":58,"column":33}},"34":{"start":{"line":58,"column":34},"end":{"line":58,"column":55}},"35":{"start":{"line":60,"column":16},"end":{"line":60,"column":86}},"36":{"start":{"line":61,"column":8},"end":{"line":61,"column":34}},"37":{"start":{"line":63,"column":8},"end":{"line":63,"column":112}},"38":{"start":{"line":68,"column":23},"end":{"line":79,"column":1}},"39":{"start":{"line":70,"column":21},"end":{"line":70,"column":45}},"40":{"start":{"line":71,"column":4},"end":{"line":78,"column":6}},"41":{"start":{"line":72,"column":8},"end":{"line":72,"column":57}},"42":{"start":{"line":72,"column":21},"end":{"line":72,"column":33}},"43":{"start":{"line":72,"column":34},"end":{"line":72,"column":55}},"44":{"start":{"line":74,"column":16},"end":{"line":74,"column":68}},"45":{"start":{"line":75,"column":8},"end":{"line":75,"column":34}},"46":{"start":{"line":77,"column":8},"end":{"line":77,"column":101}},"47":{"start":{"line":81,"column":20},"end":{"line":93,"column":1}},"48":{"start":{"line":83,"column":4},"end":{"line":91,"column":7}},"49":{"start":{"line":84,"column":8},"end":{"line":84,"column":57}},"50":{"start":{"line":84,"column":21},"end":{"line":84,"column":33}},"51":{"start":{"line":84,"column":34},"end":{"line":84,"column":55}},"52":{"start":{"line":86,"column":16},"end":{"line":86,"column":78}},"53":{"start":{"line":87,"column":8},"end":{"line":87,"column":34}},"54":{"start":{"line":89,"column":22},"end":{"line":89,"column":43}},"55":{"start":{"line":90,"column":8},"end":{"line":90,"column":108}},"56":{"start":{"line":95,"column":19},"end":{"line":107,"column":1}},"57":{"start":{"line":97,"column":31},"end":{"line":97,"column":43}},"58":{"start":{"line":99,"column":4},"end":{"line":106,"column":6}},"59":{"start":{"line":100,"column":8},"end":{"line":100,"column":57}},"60":{"start":{"line":100,"column":21},"end":{"line":100,"column":33}},"61":{"start":{"line":100,"column":34},"end":{"line":100,"column":55}},"62":{"start":{"line":102,"column":16},"end":{"line":102,"column":136}},"63":{"start":{"line":103,"column":8},"end":{"line":103,"column":34}},"64":{"start":{"line":105,"column":8},"end":{"line":105,"column":42}},"65":{"start":{"line":110,"column":22},"end":{"line":130,"column":1}},"66":{"start":{"line":112,"column":38},"end":{"line":112,"column":50}},"67":{"start":{"line":114,"column":4},"end":{"line":120,"column":6}},"68":{"start":{"line":115,"column":8},"end":{"line":115,"column":57}},"69":{"start":{"line":115,"column":21},"end":{"line":115,"column":33}},"70":{"start":{"line":115,"column":34},"end":{"line":115,"column":55}},"71":{"start":{"line":117,"column":16},"end":{"line":117,"column":128}},"72":{"start":{"line":118,"column":8},"end":{"line":118,"column":34}},"73":{"start":{"line":122,"column":4},"end":{"line":128,"column":6}},"74":{"start":{"line":123,"column":8},"end":{"line":123,"column":57}},"75":{"start":{"line":123,"column":21},"end":{"line":123,"column":33}},"76":{"start":{"line":123,"column":34},"end":{"line":123,"column":55}},"77":{"start":{"line":124,"column":8},"end":{"line":124,"column":49}},"78":{"start":{"line":126,"column":16},"end":{"line":126,"column":148}},"79":{"start":{"line":127,"column":8},"end":{"line":127,"column":34}},"80":{"start":{"line":133,"column":19},"end":{"line":171,"column":1}},"81":{"start":{"line":135,"column":48},"end":{"line":135,"column":60}},"82":{"start":{"line":138,"column":4},"end":{"line":169,"column":6}},"83":{"start":{"line":139,"column":8},"end":{"line":139,"column":57}},"84":{"start":{"line":139,"column":21},"end":{"line":139,"column":33}},"85":{"start":{"line":139,"column":34},"end":{"line":139,"column":55}},"86":{"start":{"line":141,"column":16},"end":{"line":141,"column":64}},"87":{"start":{"line":142,"column":8},"end":{"line":142,"column":34}},"88":{"start":{"line":144,"column":8},"end":{"line":168,"column":9}},"89":{"start":{"line":145,"column":12},"end":{"line":145,"column":117}},"90":{"start":{"line":146,"column":12},"end":{"line":146,"column":19}},"91":{"start":{"line":150,"column":12},"end":{"line":157,"column":18}},"92":{"start":{"line":152,"column":20},"end":{"line":152,"column":69}},"93":{"start":{"line":152,"column":33},"end":{"line":152,"column":45}},"94":{"start":{"line":152,"column":46},"end":{"line":152,"column":67}},"95":{"start":{"line":154,"column":28},"end":{"line":154,"column":154}},"96":{"start":{"line":155,"column":20},"end":{"line":155,"column":46}},"97":{"start":{"line":159,"column":12},"end":{"line":165,"column":18}},"98":{"start":{"line":161,"column":20},"end":{"line":161,"column":69}},"99":{"start":{"line":161,"column":33},"end":{"line":161,"column":45}},"100":{"start":{"line":161,"column":46},"end":{"line":161,"column":67}},"101":{"start":{"line":163,"column":28},"end":{"line":163,"column":136}},"102":{"start":{"line":164,"column":20},"end":{"line":164,"column":46}},"103":{"start":{"line":167,"column":12},"end":{"line":167,"column":76}},"104":{"start":{"line":173,"column":18},"end":{"line":193,"column":1}},"105":{"start":{"line":175,"column":33},"end":{"line":175,"column":45}},"106":{"start":{"line":177,"column":4},"end":{"line":192,"column":7}},"107":{"start":{"line":179,"column":8},"end":{"line":179,"column":57}},"108":{"start":{"line":179,"column":21},"end":{"line":179,"column":33}},"109":{"start":{"line":179,"column":34},"end":{"line":179,"column":55}},"110":{"start":{"line":181,"column":16},"end":{"line":181,"column":90}},"111":{"start":{"line":182,"column":8},"end":{"line":182,"column":34}},"112":{"start":{"line":185,"column":8},"end":{"line":190,"column":9}},"113":{"start":{"line":187,"column":12},"end":{"line":187,"column":76}},"114":{"start":{"line":189,"column":12},"end":{"line":189,"column":137}},"115":{"start":{"line":191,"column":8},"end":{"line":191,"column":23}},"116":{"start":{"line":195,"column":20},"end":{"line":209,"column":1}},"117":{"start":{"line":197,"column":4},"end":{"line":207,"column":6}},"118":{"start":{"line":198,"column":8},"end":{"line":198,"column":57}},"119":{"start":{"line":198,"column":21},"end":{"line":198,"column":33}},"120":{"start":{"line":198,"column":34},"end":{"line":198,"column":55}},"121":{"start":{"line":200,"column":16},"end":{"line":200,"column":80}},"122":{"start":{"line":201,"column":8},"end":{"line":201,"column":34}},"123":{"start":{"line":203,"column":21},"end":{"line":203,"column":41}},"124":{"start":{"line":204,"column":24},"end":{"line":204,"column":47}},"125":{"start":{"line":205,"column":8},"end":{"line":205,"column":148}},"126":{"start":{"line":211,"column":19},"end":{"line":230,"column":1}},"127":{"start":{"line":213,"column":30},"end":{"line":213,"column":42}},"128":{"start":{"line":215,"column":4},"end":{"line":229,"column":7}},"129":{"start":{"line":217,"column":8},"end":{"line":217,"column":57}},"130":{"start":{"line":217,"column":21},"end":{"line":217,"column":33}},"131":{"start":{"line":217,"column":34},"end":{"line":217,"column":55}},"132":{"start":{"line":219,"column":16},"end":{"line":219,"column":123}},"133":{"start":{"line":220,"column":8},"end":{"line":220,"column":34}},"134":{"start":{"line":222,"column":8},"end":{"line":227,"column":9}},"135":{"start":{"line":224,"column":12},"end":{"line":224,"column":80}},"136":{"start":{"line":226,"column":12},"end":{"line":226,"column":33}},"137":{"start":{"line":228,"column":8},"end":{"line":228,"column":23}},"138":{"start":{"line":232,"column":15},"end":{"line":259,"column":1}},"139":{"start":{"line":233,"column":4},"end":{"line":257,"column":7}},"140":{"start":{"line":234,"column":8},"end":{"line":234,"column":57}},"141":{"start":{"line":234,"column":21},"end":{"line":234,"column":33}},"142":{"start":{"line":234,"column":34},"end":{"line":234,"column":55}},"143":{"start":{"line":236,"column":16},"end":{"line":236,"column":70}},"144":{"start":{"line":237,"column":8},"end":{"line":237,"column":34}},"145":{"start":{"line":239,"column":21},"end":{"line":239,"column":41}},"146":{"start":{"line":240,"column":24},"end":{"line":240,"column":47}},"147":{"start":{"line":241,"column":25},"end":{"line":241,"column":49}},"148":{"start":{"line":243,"column":8},"end":{"line":249,"column":10}},"149":{"start":{"line":244,"column":12},"end":{"line":244,"column":61}},"150":{"start":{"line":244,"column":25},"end":{"line":244,"column":37}},"151":{"start":{"line":244,"column":38},"end":{"line":244,"column":59}},"152":{"start":{"line":246,"column":20},"end":{"line":246,"column":124}},"153":{"start":{"line":247,"column":12},"end":{"line":247,"column":38}},"154":{"start":{"line":250,"column":8},"end":{"line":255,"column":10}},"155":{"start":{"line":251,"column":12},"end":{"line":251,"column":61}},"156":{"start":{"line":251,"column":25},"end":{"line":251,"column":37}},"157":{"start":{"line":251,"column":38},"end":{"line":251,"column":59}},"158":{"start":{"line":253,"column":20},"end":{"line":253,"column":128}},"159":{"start":{"line":254,"column":12},"end":{"line":254,"column":38}},"160":{"start":{"line":256,"column":8},"end":{"line":256,"column":132}},"161":{"start":{"line":261,"column":0},"end":{"line":275,"column":1}}},"fnMap":{"0":{"name":"checkLogedIn","decl":{"start":{"line":17,"column":9},"end":{"line":17,"column":21}},"loc":{"start":{"line":17,"column":31},"end":{"line":19,"column":1}},"line":17},"1":{"name":"checkAccess","decl":{"start":{"line":21,"column":9},"end":{"line":21,"column":20}},"loc":{"start":{"line":21,"column":50},"end":{"line":34,"column":1}},"line":21},"2":{"name":"insertIntoTransactions","decl":{"start":{"line":36,"column":9},"end":{"line":36,"column":31}},"loc":{"start":{"line":36,"column":35},"end":{"line":40,"column":1}},"line":36},"3":{"name":"(anonymous_3)","decl":{"start":{"line":37,"column":74},"end":{"line":37,"column":75}},"loc":{"start":{"line":37,"column":94},"end":{"line":39,"column":5}},"line":37},"4":{"name":"(anonymous_4)","decl":{"start":{"line":42,"column":17},"end":{"line":42,"column":18}},"loc":{"start":{"line":42,"column":40},"end":{"line":54,"column":1}},"line":42},"5":{"name":"(anonymous_5)","decl":{"start":{"line":44,"column":42},"end":{"line":44,"column":43}},"loc":{"start":{"line":44,"column":62},"end":{"line":51,"column":5}},"line":44},"6":{"name":"(anonymous_6)","decl":{"start":{"line":56,"column":23},"end":{"line":56,"column":24}},"loc":{"start":{"line":56,"column":46},"end":{"line":66,"column":1}},"line":56},"7":{"name":"(anonymous_7)","decl":{"start":{"line":57,"column":90},"end":{"line":57,"column":91}},"loc":{"start":{"line":57,"column":110},"end":{"line":64,"column":5}},"line":57},"8":{"name":"(anonymous_8)","decl":{"start":{"line":68,"column":23},"end":{"line":68,"column":24}},"loc":{"start":{"line":68,"column":46},"end":{"line":79,"column":1}},"line":68},"9":{"name":"(anonymous_9)","decl":{"start":{"line":71,"column":72},"end":{"line":71,"column":73}},"loc":{"start":{"line":71,"column":92},"end":{"line":78,"column":5}},"line":71},"10":{"name":"(anonymous_10)","decl":{"start":{"line":81,"column":20},"end":{"line":81,"column":21}},"loc":{"start":{"line":81,"column":43},"end":{"line":93,"column":1}},"line":81},"11":{"name":"(anonymous_11)","decl":{"start":{"line":83,"column":82},"end":{"line":83,"column":83}},"loc":{"start":{"line":83,"column":102},"end":{"line":91,"column":5}},"line":83},"12":{"name":"(anonymous_12)","decl":{"start":{"line":95,"column":19},"end":{"line":95,"column":20}},"loc":{"start":{"line":95,"column":42},"end":{"line":107,"column":1}},"line":95},"13":{"name":"(anonymous_13)","decl":{"start":{"line":99,"column":127},"end":{"line":99,"column":128}},"loc":{"start":{"line":99,"column":147},"end":{"line":106,"column":5}},"line":99},"14":{"name":"(anonymous_14)","decl":{"start":{"line":110,"column":22},"end":{"line":110,"column":23}},"loc":{"start":{"line":110,"column":45},"end":{"line":130,"column":1}},"line":110},"15":{"name":"(anonymous_15)","decl":{"start":{"line":114,"column":124},"end":{"line":114,"column":125}},"loc":{"start":{"line":114,"column":144},"end":{"line":120,"column":5}},"line":114},"16":{"name":"(anonymous_16)","decl":{"start":{"line":122,"column":138},"end":{"line":122,"column":139}},"loc":{"start":{"line":122,"column":158},"end":{"line":128,"column":5}},"line":122},"17":{"name":"(anonymous_17)","decl":{"start":{"line":133,"column":19},"end":{"line":133,"column":20}},"loc":{"start":{"line":133,"column":42},"end":{"line":171,"column":1}},"line":133},"18":{"name":"(anonymous_18)","decl":{"start":{"line":138,"column":68},"end":{"line":138,"column":69}},"loc":{"start":{"line":138,"column":88},"end":{"line":169,"column":5}},"line":138},"19":{"name":"(anonymous_19)","decl":{"start":{"line":151,"column":51},"end":{"line":151,"column":52}},"loc":{"start":{"line":151,"column":71},"end":{"line":157,"column":17}},"line":151},"20":{"name":"(anonymous_20)","decl":{"start":{"line":160,"column":43},"end":{"line":160,"column":44}},"loc":{"start":{"line":160,"column":63},"end":{"line":165,"column":17}},"line":160},"21":{"name":"(anonymous_21)","decl":{"start":{"line":173,"column":18},"end":{"line":173,"column":19}},"loc":{"start":{"line":173,"column":41},"end":{"line":193,"column":1}},"line":173},"22":{"name":"(anonymous_22)","decl":{"start":{"line":177,"column":90},"end":{"line":177,"column":91}},"loc":{"start":{"line":177,"column":118},"end":{"line":192,"column":5}},"line":177},"23":{"name":"(anonymous_23)","decl":{"start":{"line":195,"column":20},"end":{"line":195,"column":21}},"loc":{"start":{"line":195,"column":43},"end":{"line":209,"column":1}},"line":195},"24":{"name":"(anonymous_24)","decl":{"start":{"line":197,"column":84},"end":{"line":197,"column":85}},"loc":{"start":{"line":197,"column":104},"end":{"line":207,"column":5}},"line":197},"25":{"name":"(anonymous_25)","decl":{"start":{"line":211,"column":19},"end":{"line":211,"column":20}},"loc":{"start":{"line":211,"column":42},"end":{"line":230,"column":1}},"line":211},"26":{"name":"(anonymous_26)","decl":{"start":{"line":215,"column":119},"end":{"line":215,"column":120}},"loc":{"start":{"line":215,"column":147},"end":{"line":229,"column":5}},"line":215},"27":{"name":"(anonymous_27)","decl":{"start":{"line":232,"column":15},"end":{"line":232,"column":16}},"loc":{"start":{"line":232,"column":38},"end":{"line":259,"column":1}},"line":232},"28":{"name":"(anonymous_28)","decl":{"start":{"line":233,"column":74},"end":{"line":233,"column":75}},"loc":{"start":{"line":233,"column":94},"end":{"line":257,"column":5}},"line":233},"29":{"name":"(anonymous_29)","decl":{"start":{"line":243,"column":104},"end":{"line":243,"column":105}},"loc":{"start":{"line":243,"column":115},"end":{"line":249,"column":9}},"line":243},"30":{"name":"(anonymous_30)","decl":{"start":{"line":250,"column":119},"end":{"line":250,"column":120}},"loc":{"start":{"line":250,"column":130},"end":{"line":255,"column":9}},"line":250}},"branchMap":{"0":{"loc":{"start":{"line":22,"column":4},"end":{"line":33,"column":5}},"type":"if","locations":[{"start":{"line":22,"column":4},"end":{"line":33,"column":5}},{"start":{"line":30,"column":9},"end":{"line":33,"column":5}}],"line":22},"1":{"loc":{"start":{"line":23,"column":8},"end":{"line":28,"column":113}},"type":"if","locations":[{"start":{"line":23,"column":8},"end":{"line":28,"column":113}},{"start":{"line":24,"column":13},"end":{"line":28,"column":113}}],"line":23},"2":{"loc":{"start":{"line":24,"column":13},"end":{"line":28,"column":113}},"type":"if","locations":[{"start":{"line":24,"column":13},"end":{"line":28,"column":113}},{"start":{"line":25,"column":13},"end":{"line":28,"column":113}}],"line":24},"3":{"loc":{"start":{"line":25,"column":13},"end":{"line":28,"column":113}},"type":"if","locations":[{"start":{"line":25,"column":13},"end":{"line":28,"column":113}},{"start":{"line":26,"column":13},"end":{"line":28,"column":113}}],"line":25},"4":{"loc":{"start":{"line":26,"column":13},"end":{"line":28,"column":113}},"type":"if","locations":[{"start":{"line":26,"column":13},"end":{"line":28,"column":113}},{"start":{"line":27,"column":13},"end":{"line":28,"column":113}}],"line":26},"5":{"loc":{"start":{"line":27,"column":13},"end":{"line":28,"column":113}},"type":"if","locations":[{"start":{"line":27,"column":13},"end":{"line":28,"column":113}},{"start":{"line":28,"column":13},"end":{"line":28,"column":113}}],"line":27},"6":{"loc":{"start":{"line":28,"column":13},"end":{"line":28,"column":113}},"type":"if","locations":[{"start":{"line":28,"column":13},"end":{"line":28,"column":113}},{"start":{},"end":{}}],"line":28},"7":{"loc":{"start":{"line":31,"column":8},"end":{"line":32,"column":138}},"type":"if","locations":[{"start":{"line":31,"column":8},"end":{"line":32,"column":138}},{"start":{"line":32,"column":13},"end":{"line":32,"column":138}}],"line":31},"8":{"loc":{"start":{"line":38,"column":8},"end":{"line":38,"column":35}},"type":"if","locations":[{"start":{"line":38,"column":8},"end":{"line":38,"column":35}},{"start":{},"end":{}}],"line":38},"9":{"loc":{"start":{"line":45,"column":8},"end":{"line":45,"column":57}},"type":"if","locations":[{"start":{"line":45,"column":8},"end":{"line":45,"column":57}},{"start":{},"end":{}}],"line":45},"10":{"loc":{"start":{"line":58,"column":8},"end":{"line":58,"column":57}},"type":"if","locations":[{"start":{"line":58,"column":8},"end":{"line":58,"column":57}},{"start":{},"end":{}}],"line":58},"11":{"loc":{"start":{"line":72,"column":8},"end":{"line":72,"column":57}},"type":"if","locations":[{"start":{"line":72,"column":8},"end":{"line":72,"column":57}},{"start":{},"end":{}}],"line":72},"12":{"loc":{"start":{"line":84,"column":8},"end":{"line":84,"column":57}},"type":"if","locations":[{"start":{"line":84,"column":8},"end":{"line":84,"column":57}},{"start":{},"end":{}}],"line":84},"13":{"loc":{"start":{"line":100,"column":8},"end":{"line":100,"column":57}},"type":"if","locations":[{"start":{"line":100,"column":8},"end":{"line":100,"column":57}},{"start":{},"end":{}}],"line":100},"14":{"loc":{"start":{"line":115,"column":8},"end":{"line":115,"column":57}},"type":"if","locations":[{"start":{"line":115,"column":8},"end":{"line":115,"column":57}},{"start":{},"end":{}}],"line":115},"15":{"loc":{"start":{"line":123,"column":8},"end":{"line":123,"column":57}},"type":"if","locations":[{"start":{"line":123,"column":8},"end":{"line":123,"column":57}},{"start":{},"end":{}}],"line":123},"16":{"loc":{"start":{"line":139,"column":8},"end":{"line":139,"column":57}},"type":"if","locations":[{"start":{"line":139,"column":8},"end":{"line":139,"column":57}},{"start":{},"end":{}}],"line":139},"17":{"loc":{"start":{"line":144,"column":8},"end":{"line":168,"column":9}},"type":"if","locations":[{"start":{"line":144,"column":8},"end":{"line":168,"column":9}},{"start":{"line":148,"column":13},"end":{"line":168,"column":9}}],"line":144},"18":{"loc":{"start":{"line":152,"column":20},"end":{"line":152,"column":69}},"type":"if","locations":[{"start":{"line":152,"column":20},"end":{"line":152,"column":69}},{"start":{},"end":{}}],"line":152},"19":{"loc":{"start":{"line":161,"column":20},"end":{"line":161,"column":69}},"type":"if","locations":[{"start":{"line":161,"column":20},"end":{"line":161,"column":69}},{"start":{},"end":{}}],"line":161},"20":{"loc":{"start":{"line":179,"column":8},"end":{"line":179,"column":57}},"type":"if","locations":[{"start":{"line":179,"column":8},"end":{"line":179,"column":57}},{"start":{},"end":{}}],"line":179},"21":{"loc":{"start":{"line":185,"column":8},"end":{"line":190,"column":9}},"type":"if","locations":[{"start":{"line":185,"column":8},"end":{"line":190,"column":9}},{"start":{"line":188,"column":15},"end":{"line":190,"column":9}}],"line":185},"22":{"loc":{"start":{"line":198,"column":8},"end":{"line":198,"column":57}},"type":"if","locations":[{"start":{"line":198,"column":8},"end":{"line":198,"column":57}},{"start":{},"end":{}}],"line":198},"23":{"loc":{"start":{"line":217,"column":8},"end":{"line":217,"column":57}},"type":"if","locations":[{"start":{"line":217,"column":8},"end":{"line":217,"column":57}},{"start":{},"end":{}}],"line":217},"24":{"loc":{"start":{"line":222,"column":8},"end":{"line":227,"column":9}},"type":"if","locations":[{"start":{"line":222,"column":8},"end":{"line":227,"column":9}},{"start":{"line":225,"column":15},"end":{"line":227,"column":9}}],"line":222},"25":{"loc":{"start":{"line":234,"column":8},"end":{"line":234,"column":57}},"type":"if","locations":[{"start":{"line":234,"column":8},"end":{"line":234,"column":57}},{"start":{},"end":{}}],"line":234},"26":{"loc":{"start":{"line":244,"column":12},"end":{"line":244,"column":61}},"type":"if","locations":[{"start":{"line":244,"column":12},"end":{"line":244,"column":61}},{"start":{},"end":{}}],"line":244},"27":{"loc":{"start":{"line":251,"column":12},"end":{"line":251,"column":61}},"type":"if","locations":[{"start":{"line":251,"column":12},"end":{"line":251,"column":61}},{"start":{},"end":{}}],"line":251}},"s":{"0":1,"1":1,"2":20,"3":11,"4":6,"5":2,"6":4,"7":0,"8":4,"9":1,"10":3,"11":1,"12":2,"13":1,"14":1,"15":1,"16":5,"17":1,"18":4,"19":14,"20":13,"21":0,"22":1,"23":1,"24":1,"25":0,"26":0,"27":1,"28":1,"29":1,"30":1,"31":1,"32":1,"33":0,"34":0,"35":1,"36":1,"37":1,"38":1,"39":0,"40":0,"41":0,"42":0,"43":0,"44":0,"45":0,"46":0,"47":1,"48":0,"49":0,"50":0,"51":0,"52":0,"53":0,"54":0,"55":0,"56":1,"57":1,"58":1,"59":1,"60":0,"61":0,"62":1,"63":1,"64":1,"65":1,"66":1,"67":1,"68":1,"69":0,"70":0,"71":1,"72":1,"73":1,"74":1,"75":0,"76":0,"77":1,"78":1,"79":1,"80":1,"81":2,"82":2,"83":2,"84":0,"85":0,"86":2,"87":2,"88":2,"89":2,"90":2,"91":0,"92":0,"93":0,"94":0,"95":0,"96":0,"97":0,"98":0,"99":0,"100":0,"101":0,"102":0,"103":0,"104":1,"105":3,"106":3,"107":3,"108":0,"109":0,"110":3,"111":3,"112":3,"113":1,"114":2,"115":3,"116":1,"117":2,"118":2,"119":0,"120":0,"121":2,"122":2,"123":2,"124":2,"125":2,"126":1,"127":0,"128":0,"129":0,"130":0,"131":0,"132":0,"133":0,"134":0,"135":0,"136":0,"137":0,"138":1,"139":1,"140":1,"141":0,"142":0,"143":1,"144":1,"145":1,"146":1,"147":1,"148":1,"149":1,"150":0,"151":0,"152":1,"153":1,"154":1,"155":0,"156":0,"157":0,"158":0,"159":0,"160":1,"161":1},"f":{"0":20,"1":11,"2":14,"3":13,"4":1,"5":1,"6":1,"7":1,"8":0,"9":0,"10":0,"11":0,"12":1,"13":1,"14":1,"15":1,"16":1,"17":2,"18":2,"19":0,"20":0,"21":3,"22":3,"23":2,"24":2,"25":0,"26":0,"27":1,"28":1,"29":1,"30":0},"b":{"0":[6,5],"1":[2,4],"2":[0,4],"3":[1,3],"4":[1,2],"5":[1,1],"6":[1,0],"7":[1,4],"8":[0,13],"9":[0,1],"10":[0,1],"11":[0,0],"12":[0,0],"13":[0,1],"14":[0,1],"15":[0,1],"16":[0,2],"17":[2,0],"18":[0,0],"19":[0,0],"20":[0,3],"21":[1,2],"22":[0,2],"23":[0,0],"24":[0,0],"25":[0,1],"26":[0,1],"27":[0,0]},"_coverageSchema":"1a1c01bbd47fc00a2c39e90264f33305004495a9","hash":"25a0349b2a8a6de7ed011b2354425a868520af21"}
}
