{"C:\\Users\\nsingh\\Documents\\Projects\\MicroBlog\\index.js": {"path":"C:\\Users\\nsingh\\Documents\\Projects\\MicroBlog\\index.js","statementMap":{"0":{"start":{"line":9,"column":16},"end":{"line":9,"column":34}},"1":{"start":{"line":10,"column":13},"end":{"line":10,"column":28}},"2":{"start":{"line":11,"column":19},"end":{"line":11,"column":41}},"3":{"start":{"line":12,"column":12},"end":{"line":12,"column":21}},"4":{"start":{"line":13,"column":11},"end":{"line":13,"column":31}},"5":{"start":{"line":14,"column":13},"end":{"line":14,"column":17}},"6":{"start":{"line":15,"column":19},"end":{"line":15,"column":43}},"7":{"start":{"line":17,"column":0},"end":{"line":17,"column":29}},"8":{"start":{"line":20,"column":0},"end":{"line":20,"column":24}},"9":{"start":{"line":21,"column":0},"end":{"line":21,"column":26}},"10":{"start":{"line":22,"column":0},"end":{"line":26,"column":1}},"11":{"start":{"line":27,"column":0},"end":{"line":31,"column":3}},"12":{"start":{"line":28,"column":2},"end":{"line":28,"column":73}},"13":{"start":{"line":29,"column":2},"end":{"line":29,"column":100}},"14":{"start":{"line":30,"column":2},"end":{"line":30,"column":9}},"15":{"start":{"line":33,"column":0},"end":{"line":36,"column":2}},"16":{"start":{"line":35,"column":2},"end":{"line":35,"column":97}},"17":{"start":{"line":39,"column":0},"end":{"line":41,"column":2}},"18":{"start":{"line":40,"column":2},"end":{"line":40,"column":46}},"19":{"start":{"line":44,"column":0},"end":{"line":46,"column":2}},"20":{"start":{"line":45,"column":2},"end":{"line":45,"column":36}},"21":{"start":{"line":49,"column":0},"end":{"line":51,"column":2}},"22":{"start":{"line":50,"column":2},"end":{"line":50,"column":88}},"23":{"start":{"line":54,"column":0},"end":{"line":56,"column":3}},"24":{"start":{"line":55,"column":2},"end":{"line":55,"column":41}},"25":{"start":{"line":59,"column":0},"end":{"line":61,"column":3}},"26":{"start":{"line":60,"column":2},"end":{"line":60,"column":140}},"27":{"start":{"line":64,"column":0},"end":{"line":66,"column":3}},"28":{"start":{"line":65,"column":2},"end":{"line":65,"column":34}},"29":{"start":{"line":69,"column":0},"end":{"line":71,"column":3}},"30":{"start":{"line":70,"column":2},"end":{"line":70,"column":141}},"31":{"start":{"line":74,"column":0},"end":{"line":76,"column":3}},"32":{"start":{"line":75,"column":2},"end":{"line":75,"column":35}},"33":{"start":{"line":79,"column":0},"end":{"line":81,"column":3}},"34":{"start":{"line":80,"column":2},"end":{"line":80,"column":50}},"35":{"start":{"line":84,"column":0},"end":{"line":86,"column":3}},"36":{"start":{"line":85,"column":2},"end":{"line":85,"column":35}},"37":{"start":{"line":89,"column":0},"end":{"line":91,"column":3}},"38":{"start":{"line":90,"column":2},"end":{"line":90,"column":54}},"39":{"start":{"line":94,"column":0},"end":{"line":96,"column":3}},"40":{"start":{"line":95,"column":2},"end":{"line":95,"column":46}},"41":{"start":{"line":99,"column":0},"end":{"line":101,"column":3}},"42":{"start":{"line":100,"column":2},"end":{"line":100,"column":53}},"43":{"start":{"line":104,"column":0},"end":{"line":106,"column":3}},"44":{"start":{"line":105,"column":2},"end":{"line":105,"column":38}},"45":{"start":{"line":112,"column":0},"end":{"line":112,"column":21}}},"fnMap":{"0":{"name":"(anonymous_0)","decl":{"start":{"line":27,"column":8},"end":{"line":27,"column":9}},"loc":{"start":{"line":27,"column":37},"end":{"line":31,"column":1}},"line":27},"1":{"name":"(anonymous_1)","decl":{"start":{"line":33,"column":21},"end":{"line":33,"column":22}},"loc":{"start":{"line":33,"column":44},"end":{"line":36,"column":1}},"line":33},"2":{"name":"(anonymous_2)","decl":{"start":{"line":39,"column":20},"end":{"line":39,"column":21}},"loc":{"start":{"line":39,"column":43},"end":{"line":41,"column":1}},"line":39},"3":{"name":"(anonymous_3)","decl":{"start":{"line":44,"column":17},"end":{"line":44,"column":18}},"loc":{"start":{"line":44,"column":40},"end":{"line":46,"column":1}},"line":44},"4":{"name":"(anonymous_4)","decl":{"start":{"line":49,"column":19},"end":{"line":49,"column":20}},"loc":{"start":{"line":49,"column":42},"end":{"line":51,"column":1}},"line":49},"5":{"name":"(anonymous_5)","decl":{"start":{"line":54,"column":13},"end":{"line":54,"column":14}},"loc":{"start":{"line":54,"column":36},"end":{"line":56,"column":1}},"line":54},"6":{"name":"(anonymous_6)","decl":{"start":{"line":59,"column":18},"end":{"line":59,"column":19}},"loc":{"start":{"line":59,"column":41},"end":{"line":61,"column":1}},"line":59},"7":{"name":"(anonymous_7)","decl":{"start":{"line":64,"column":19},"end":{"line":64,"column":20}},"loc":{"start":{"line":64,"column":42},"end":{"line":66,"column":1}},"line":64},"8":{"name":"(anonymous_8)","decl":{"start":{"line":69,"column":19},"end":{"line":69,"column":20}},"loc":{"start":{"line":69,"column":42},"end":{"line":71,"column":1}},"line":69},"9":{"name":"(anonymous_9)","decl":{"start":{"line":74,"column":20},"end":{"line":74,"column":21}},"loc":{"start":{"line":74,"column":43},"end":{"line":76,"column":1}},"line":74},"10":{"name":"(anonymous_10)","decl":{"start":{"line":79,"column":23},"end":{"line":79,"column":24}},"loc":{"start":{"line":79,"column":46},"end":{"line":81,"column":1}},"line":79},"11":{"name":"(anonymous_11)","decl":{"start":{"line":84,"column":24},"end":{"line":84,"column":25}},"loc":{"start":{"line":84,"column":47},"end":{"line":86,"column":1}},"line":84},"12":{"name":"(anonymous_12)","decl":{"start":{"line":89,"column":27},"end":{"line":89,"column":28}},"loc":{"start":{"line":89,"column":50},"end":{"line":91,"column":1}},"line":89},"13":{"name":"(anonymous_13)","decl":{"start":{"line":94,"column":19},"end":{"line":94,"column":20}},"loc":{"start":{"line":94,"column":42},"end":{"line":96,"column":1}},"line":94},"14":{"name":"(anonymous_14)","decl":{"start":{"line":99,"column":26},"end":{"line":99,"column":27}},"loc":{"start":{"line":99,"column":49},"end":{"line":101,"column":1}},"line":99},"15":{"name":"(anonymous_15)","decl":{"start":{"line":104,"column":27},"end":{"line":104,"column":28}},"loc":{"start":{"line":104,"column":50},"end":{"line":106,"column":1}},"line":104}},"branchMap":{},"s":{"0":1,"1":1,"2":1,"3":1,"4":1,"5":1,"6":1,"7":1,"8":1,"9":1,"10":1,"11":1,"12":2,"13":2,"14":2,"15":1,"16":2,"17":1,"18":0,"19":1,"20":0,"21":1,"22":0,"23":1,"24":0,"25":1,"26":0,"27":1,"28":0,"29":1,"30":0,"31":1,"32":0,"33":1,"34":0,"35":1,"36":0,"37":1,"38":0,"39":1,"40":0,"41":1,"42":0,"43":1,"44":0,"45":1},"f":{"0":2,"1":2,"2":0,"3":0,"4":0,"5":0,"6":0,"7":0,"8":0,"9":0,"10":0,"11":0,"12":0,"13":0,"14":0,"15":0},"b":{},"_coverageSchema":"1a1c01bbd47fc00a2c39e90264f33305004495a9","hash":"25f616cd22aabbf2104b9aafe62d6afdd8f0de49"}
,"C:\\Users\\nsingh\\Documents\\Projects\\MicroBlog\\queries.js": {"path":"C:\\Users\\nsingh\\Documents\\Projects\\MicroBlog\\queries.js","statementMap":{"0":{"start":{"line":8,"column":13},"end":{"line":8,"column":31}},"1":{"start":{"line":9,"column":13},"end":{"line":15,"column":2}},"2":{"start":{"line":18,"column":4},"end":{"line":18,"column":51}},"3":{"start":{"line":22,"column":4},"end":{"line":33,"column":5}},"4":{"start":{"line":23,"column":8},"end":{"line":28,"column":113}},"5":{"start":{"line":23,"column":37},"end":{"line":23,"column":68}},"6":{"start":{"line":24,"column":13},"end":{"line":28,"column":113}},"7":{"start":{"line":24,"column":36},"end":{"line":24,"column":70}},"8":{"start":{"line":25,"column":13},"end":{"line":28,"column":113}},"9":{"start":{"line":25,"column":45},"end":{"line":25,"column":106}},"10":{"start":{"line":26,"column":13},"end":{"line":28,"column":113}},"11":{"start":{"line":26,"column":49},"end":{"line":26,"column":83}},"12":{"start":{"line":27,"column":13},"end":{"line":28,"column":113}},"13":{"start":{"line":27,"column":41},"end":{"line":27,"column":67}},"14":{"start":{"line":28,"column":13},"end":{"line":28,"column":113}},"15":{"start":{"line":28,"column":48},"end":{"line":28,"column":111}},"16":{"start":{"line":31,"column":8},"end":{"line":32,"column":138}},"17":{"start":{"line":31,"column":31},"end":{"line":31,"column":59}},"18":{"start":{"line":32,"column":15},"end":{"line":32,"column":136}},"19":{"start":{"line":36,"column":17},"end":{"line":42,"column":1}},"20":{"start":{"line":37,"column":4},"end":{"line":41,"column":6}},"21":{"start":{"line":38,"column":8},"end":{"line":38,"column":57}},"22":{"start":{"line":38,"column":21},"end":{"line":38,"column":33}},"23":{"start":{"line":38,"column":34},"end":{"line":38,"column":55}},"24":{"start":{"line":40,"column":8},"end":{"line":40,"column":101}},"25":{"start":{"line":43,"column":23},"end":{"line":49,"column":1}},"26":{"start":{"line":44,"column":4},"end":{"line":48,"column":6}},"27":{"start":{"line":45,"column":8},"end":{"line":45,"column":57}},"28":{"start":{"line":45,"column":21},"end":{"line":45,"column":33}},"29":{"start":{"line":45,"column":34},"end":{"line":45,"column":55}},"30":{"start":{"line":47,"column":8},"end":{"line":47,"column":112}},"31":{"start":{"line":51,"column":23},"end":{"line":61,"column":1}},"32":{"start":{"line":53,"column":21},"end":{"line":53,"column":45}},"33":{"start":{"line":54,"column":4},"end":{"line":60,"column":6}},"34":{"start":{"line":55,"column":8},"end":{"line":55,"column":57}},"35":{"start":{"line":55,"column":21},"end":{"line":55,"column":33}},"36":{"start":{"line":55,"column":34},"end":{"line":55,"column":55}},"37":{"start":{"line":57,"column":8},"end":{"line":57,"column":101}},"38":{"start":{"line":63,"column":20},"end":{"line":72,"column":1}},"39":{"start":{"line":65,"column":4},"end":{"line":71,"column":10}},"40":{"start":{"line":67,"column":12},"end":{"line":67,"column":61}},"41":{"start":{"line":67,"column":25},"end":{"line":67,"column":37}},"42":{"start":{"line":67,"column":38},"end":{"line":67,"column":59}},"43":{"start":{"line":69,"column":12},"end":{"line":69,"column":41}},"44":{"start":{"line":70,"column":12},"end":{"line":70,"column":112}},"45":{"start":{"line":74,"column":19},"end":{"line":84,"column":1}},"46":{"start":{"line":76,"column":31},"end":{"line":76,"column":43}},"47":{"start":{"line":79,"column":4},"end":{"line":83,"column":10}},"48":{"start":{"line":81,"column":12},"end":{"line":81,"column":61}},"49":{"start":{"line":81,"column":25},"end":{"line":81,"column":37}},"50":{"start":{"line":81,"column":38},"end":{"line":81,"column":59}},"51":{"start":{"line":82,"column":12},"end":{"line":82,"column":46}},"52":{"start":{"line":87,"column":22},"end":{"line":100,"column":1}},"53":{"start":{"line":89,"column":38},"end":{"line":89,"column":50}},"54":{"start":{"line":91,"column":4},"end":{"line":94,"column":6}},"55":{"start":{"line":92,"column":8},"end":{"line":92,"column":57}},"56":{"start":{"line":92,"column":21},"end":{"line":92,"column":33}},"57":{"start":{"line":92,"column":34},"end":{"line":92,"column":55}},"58":{"start":{"line":96,"column":4},"end":{"line":99,"column":6}},"59":{"start":{"line":97,"column":8},"end":{"line":97,"column":57}},"60":{"start":{"line":97,"column":21},"end":{"line":97,"column":33}},"61":{"start":{"line":97,"column":34},"end":{"line":97,"column":55}},"62":{"start":{"line":98,"column":8},"end":{"line":98,"column":49}},"63":{"start":{"line":103,"column":19},"end":{"line":133,"column":1}},"64":{"start":{"line":105,"column":4},"end":{"line":105,"column":35}},"65":{"start":{"line":106,"column":48},"end":{"line":106,"column":60}},"66":{"start":{"line":108,"column":4},"end":{"line":108,"column":29}},"67":{"start":{"line":110,"column":4},"end":{"line":132,"column":6}},"68":{"start":{"line":111,"column":8},"end":{"line":111,"column":57}},"69":{"start":{"line":111,"column":21},"end":{"line":111,"column":33}},"70":{"start":{"line":111,"column":34},"end":{"line":111,"column":55}},"71":{"start":{"line":113,"column":8},"end":{"line":131,"column":9}},"72":{"start":{"line":114,"column":12},"end":{"line":114,"column":41}},"73":{"start":{"line":115,"column":12},"end":{"line":115,"column":117}},"74":{"start":{"line":116,"column":12},"end":{"line":116,"column":19}},"75":{"start":{"line":120,"column":12},"end":{"line":123,"column":18}},"76":{"start":{"line":122,"column":20},"end":{"line":122,"column":69}},"77":{"start":{"line":122,"column":33},"end":{"line":122,"column":45}},"78":{"start":{"line":122,"column":46},"end":{"line":122,"column":67}},"79":{"start":{"line":125,"column":12},"end":{"line":128,"column":18}},"80":{"start":{"line":127,"column":20},"end":{"line":127,"column":69}},"81":{"start":{"line":127,"column":33},"end":{"line":127,"column":45}},"82":{"start":{"line":127,"column":46},"end":{"line":127,"column":67}},"83":{"start":{"line":130,"column":12},"end":{"line":130,"column":88}},"84":{"start":{"line":135,"column":18},"end":{"line":152,"column":1}},"85":{"start":{"line":137,"column":33},"end":{"line":137,"column":45}},"86":{"start":{"line":139,"column":4},"end":{"line":151,"column":7}},"87":{"start":{"line":141,"column":8},"end":{"line":141,"column":57}},"88":{"start":{"line":141,"column":21},"end":{"line":141,"column":33}},"89":{"start":{"line":141,"column":34},"end":{"line":141,"column":55}},"90":{"start":{"line":143,"column":8},"end":{"line":149,"column":9}},"91":{"start":{"line":145,"column":12},"end":{"line":145,"column":76}},"92":{"start":{"line":147,"column":12},"end":{"line":147,"column":32}},"93":{"start":{"line":148,"column":12},"end":{"line":148,"column":137}},"94":{"start":{"line":150,"column":8},"end":{"line":150,"column":23}},"95":{"start":{"line":154,"column":20},"end":{"line":165,"column":1}},"96":{"start":{"line":156,"column":4},"end":{"line":163,"column":6}},"97":{"start":{"line":157,"column":8},"end":{"line":157,"column":57}},"98":{"start":{"line":157,"column":21},"end":{"line":157,"column":33}},"99":{"start":{"line":157,"column":34},"end":{"line":157,"column":55}},"100":{"start":{"line":159,"column":8},"end":{"line":159,"column":35}},"101":{"start":{"line":160,"column":8},"end":{"line":160,"column":41}},"102":{"start":{"line":161,"column":8},"end":{"line":161,"column":148}},"103":{"start":{"line":167,"column":19},"end":{"line":183,"column":1}},"104":{"start":{"line":169,"column":30},"end":{"line":169,"column":42}},"105":{"start":{"line":171,"column":4},"end":{"line":182,"column":7}},"106":{"start":{"line":173,"column":8},"end":{"line":173,"column":57}},"107":{"start":{"line":173,"column":21},"end":{"line":173,"column":33}},"108":{"start":{"line":173,"column":34},"end":{"line":173,"column":55}},"109":{"start":{"line":175,"column":8},"end":{"line":180,"column":9}},"110":{"start":{"line":177,"column":12},"end":{"line":177,"column":80}},"111":{"start":{"line":179,"column":12},"end":{"line":179,"column":33}},"112":{"start":{"line":181,"column":8},"end":{"line":181,"column":23}},"113":{"start":{"line":185,"column":15},"end":{"line":204,"column":1}},"114":{"start":{"line":186,"column":4},"end":{"line":202,"column":7}},"115":{"start":{"line":187,"column":8},"end":{"line":187,"column":57}},"116":{"start":{"line":187,"column":21},"end":{"line":187,"column":33}},"117":{"start":{"line":187,"column":34},"end":{"line":187,"column":55}},"118":{"start":{"line":189,"column":8},"end":{"line":189,"column":35}},"119":{"start":{"line":190,"column":8},"end":{"line":190,"column":41}},"120":{"start":{"line":191,"column":8},"end":{"line":191,"column":43}},"121":{"start":{"line":193,"column":8},"end":{"line":196,"column":10}},"122":{"start":{"line":194,"column":12},"end":{"line":194,"column":61}},"123":{"start":{"line":194,"column":25},"end":{"line":194,"column":37}},"124":{"start":{"line":194,"column":38},"end":{"line":194,"column":59}},"125":{"start":{"line":195,"column":12},"end":{"line":195,"column":39}},"126":{"start":{"line":197,"column":8},"end":{"line":200,"column":10}},"127":{"start":{"line":198,"column":12},"end":{"line":198,"column":61}},"128":{"start":{"line":198,"column":25},"end":{"line":198,"column":37}},"129":{"start":{"line":198,"column":38},"end":{"line":198,"column":59}},"130":{"start":{"line":199,"column":12},"end":{"line":199,"column":43}},"131":{"start":{"line":201,"column":8},"end":{"line":201,"column":132}},"132":{"start":{"line":206,"column":0},"end":{"line":220,"column":1}}},"fnMap":{"0":{"name":"checkLogedIn","decl":{"start":{"line":17,"column":9},"end":{"line":17,"column":21}},"loc":{"start":{"line":17,"column":31},"end":{"line":19,"column":1}},"line":17},"1":{"name":"checkAccess","decl":{"start":{"line":21,"column":9},"end":{"line":21,"column":20}},"loc":{"start":{"line":21,"column":50},"end":{"line":34,"column":1}},"line":21},"2":{"name":"(anonymous_2)","decl":{"start":{"line":36,"column":17},"end":{"line":36,"column":18}},"loc":{"start":{"line":36,"column":40},"end":{"line":42,"column":1}},"line":36},"3":{"name":"(anonymous_3)","decl":{"start":{"line":37,"column":42},"end":{"line":37,"column":43}},"loc":{"start":{"line":37,"column":62},"end":{"line":41,"column":5}},"line":37},"4":{"name":"(anonymous_4)","decl":{"start":{"line":43,"column":23},"end":{"line":43,"column":24}},"loc":{"start":{"line":43,"column":46},"end":{"line":49,"column":1}},"line":43},"5":{"name":"(anonymous_5)","decl":{"start":{"line":44,"column":90},"end":{"line":44,"column":91}},"loc":{"start":{"line":44,"column":110},"end":{"line":48,"column":5}},"line":44},"6":{"name":"(anonymous_6)","decl":{"start":{"line":51,"column":23},"end":{"line":51,"column":24}},"loc":{"start":{"line":51,"column":46},"end":{"line":61,"column":1}},"line":51},"7":{"name":"(anonymous_7)","decl":{"start":{"line":54,"column":72},"end":{"line":54,"column":73}},"loc":{"start":{"line":54,"column":92},"end":{"line":60,"column":5}},"line":54},"8":{"name":"(anonymous_8)","decl":{"start":{"line":63,"column":20},"end":{"line":63,"column":21}},"loc":{"start":{"line":63,"column":43},"end":{"line":72,"column":1}},"line":63},"9":{"name":"(anonymous_9)","decl":{"start":{"line":66,"column":32},"end":{"line":66,"column":33}},"loc":{"start":{"line":66,"column":52},"end":{"line":71,"column":9}},"line":66},"10":{"name":"(anonymous_10)","decl":{"start":{"line":74,"column":19},"end":{"line":74,"column":20}},"loc":{"start":{"line":74,"column":42},"end":{"line":84,"column":1}},"line":74},"11":{"name":"(anonymous_11)","decl":{"start":{"line":80,"column":52},"end":{"line":80,"column":53}},"loc":{"start":{"line":80,"column":72},"end":{"line":83,"column":9}},"line":80},"12":{"name":"(anonymous_12)","decl":{"start":{"line":87,"column":22},"end":{"line":87,"column":23}},"loc":{"start":{"line":87,"column":45},"end":{"line":100,"column":1}},"line":87},"13":{"name":"(anonymous_13)","decl":{"start":{"line":91,"column":124},"end":{"line":91,"column":125}},"loc":{"start":{"line":91,"column":144},"end":{"line":94,"column":5}},"line":91},"14":{"name":"(anonymous_14)","decl":{"start":{"line":96,"column":138},"end":{"line":96,"column":139}},"loc":{"start":{"line":96,"column":158},"end":{"line":99,"column":5}},"line":96},"15":{"name":"(anonymous_15)","decl":{"start":{"line":103,"column":19},"end":{"line":103,"column":20}},"loc":{"start":{"line":103,"column":42},"end":{"line":133,"column":1}},"line":103},"16":{"name":"(anonymous_16)","decl":{"start":{"line":110,"column":68},"end":{"line":110,"column":69}},"loc":{"start":{"line":110,"column":88},"end":{"line":132,"column":5}},"line":110},"17":{"name":"(anonymous_17)","decl":{"start":{"line":121,"column":51},"end":{"line":121,"column":52}},"loc":{"start":{"line":121,"column":71},"end":{"line":123,"column":17}},"line":121},"18":{"name":"(anonymous_18)","decl":{"start":{"line":126,"column":43},"end":{"line":126,"column":44}},"loc":{"start":{"line":126,"column":63},"end":{"line":128,"column":17}},"line":126},"19":{"name":"(anonymous_19)","decl":{"start":{"line":135,"column":18},"end":{"line":135,"column":19}},"loc":{"start":{"line":135,"column":41},"end":{"line":152,"column":1}},"line":135},"20":{"name":"(anonymous_20)","decl":{"start":{"line":139,"column":90},"end":{"line":139,"column":91}},"loc":{"start":{"line":139,"column":118},"end":{"line":151,"column":5}},"line":139},"21":{"name":"(anonymous_21)","decl":{"start":{"line":154,"column":20},"end":{"line":154,"column":21}},"loc":{"start":{"line":154,"column":43},"end":{"line":165,"column":1}},"line":154},"22":{"name":"(anonymous_22)","decl":{"start":{"line":156,"column":84},"end":{"line":156,"column":85}},"loc":{"start":{"line":156,"column":104},"end":{"line":163,"column":5}},"line":156},"23":{"name":"(anonymous_23)","decl":{"start":{"line":167,"column":19},"end":{"line":167,"column":20}},"loc":{"start":{"line":167,"column":42},"end":{"line":183,"column":1}},"line":167},"24":{"name":"(anonymous_24)","decl":{"start":{"line":171,"column":119},"end":{"line":171,"column":120}},"loc":{"start":{"line":171,"column":147},"end":{"line":182,"column":5}},"line":171},"25":{"name":"(anonymous_25)","decl":{"start":{"line":185,"column":15},"end":{"line":185,"column":16}},"loc":{"start":{"line":185,"column":38},"end":{"line":204,"column":1}},"line":185},"26":{"name":"(anonymous_26)","decl":{"start":{"line":186,"column":74},"end":{"line":186,"column":75}},"loc":{"start":{"line":186,"column":94},"end":{"line":202,"column":5}},"line":186},"27":{"name":"(anonymous_27)","decl":{"start":{"line":193,"column":104},"end":{"line":193,"column":105}},"loc":{"start":{"line":193,"column":115},"end":{"line":196,"column":9}},"line":193},"28":{"name":"(anonymous_28)","decl":{"start":{"line":197,"column":119},"end":{"line":197,"column":120}},"loc":{"start":{"line":197,"column":130},"end":{"line":200,"column":9}},"line":197}},"branchMap":{"0":{"loc":{"start":{"line":22,"column":4},"end":{"line":33,"column":5}},"type":"if","locations":[{"start":{"line":22,"column":4},"end":{"line":33,"column":5}},{"start":{"line":30,"column":9},"end":{"line":33,"column":5}}],"line":22},"1":{"loc":{"start":{"line":23,"column":8},"end":{"line":28,"column":113}},"type":"if","locations":[{"start":{"line":23,"column":8},"end":{"line":28,"column":113}},{"start":{"line":24,"column":13},"end":{"line":28,"column":113}}],"line":23},"2":{"loc":{"start":{"line":24,"column":13},"end":{"line":28,"column":113}},"type":"if","locations":[{"start":{"line":24,"column":13},"end":{"line":28,"column":113}},{"start":{"line":25,"column":13},"end":{"line":28,"column":113}}],"line":24},"3":{"loc":{"start":{"line":25,"column":13},"end":{"line":28,"column":113}},"type":"if","locations":[{"start":{"line":25,"column":13},"end":{"line":28,"column":113}},{"start":{"line":26,"column":13},"end":{"line":28,"column":113}}],"line":25},"4":{"loc":{"start":{"line":26,"column":13},"end":{"line":28,"column":113}},"type":"if","locations":[{"start":{"line":26,"column":13},"end":{"line":28,"column":113}},{"start":{"line":27,"column":13},"end":{"line":28,"column":113}}],"line":26},"5":{"loc":{"start":{"line":27,"column":13},"end":{"line":28,"column":113}},"type":"if","locations":[{"start":{"line":27,"column":13},"end":{"line":28,"column":113}},{"start":{"line":28,"column":13},"end":{"line":28,"column":113}}],"line":27},"6":{"loc":{"start":{"line":28,"column":13},"end":{"line":28,"column":113}},"type":"if","locations":[{"start":{"line":28,"column":13},"end":{"line":28,"column":113}},{"start":{},"end":{}}],"line":28},"7":{"loc":{"start":{"line":31,"column":8},"end":{"line":32,"column":138}},"type":"if","locations":[{"start":{"line":31,"column":8},"end":{"line":32,"column":138}},{"start":{"line":32,"column":13},"end":{"line":32,"column":138}}],"line":31},"8":{"loc":{"start":{"line":38,"column":8},"end":{"line":38,"column":57}},"type":"if","locations":[{"start":{"line":38,"column":8},"end":{"line":38,"column":57}},{"start":{},"end":{}}],"line":38},"9":{"loc":{"start":{"line":45,"column":8},"end":{"line":45,"column":57}},"type":"if","locations":[{"start":{"line":45,"column":8},"end":{"line":45,"column":57}},{"start":{},"end":{}}],"line":45},"10":{"loc":{"start":{"line":55,"column":8},"end":{"line":55,"column":57}},"type":"if","locations":[{"start":{"line":55,"column":8},"end":{"line":55,"column":57}},{"start":{},"end":{}}],"line":55},"11":{"loc":{"start":{"line":67,"column":12},"end":{"line":67,"column":61}},"type":"if","locations":[{"start":{"line":67,"column":12},"end":{"line":67,"column":61}},{"start":{},"end":{}}],"line":67},"12":{"loc":{"start":{"line":81,"column":12},"end":{"line":81,"column":61}},"type":"if","locations":[{"start":{"line":81,"column":12},"end":{"line":81,"column":61}},{"start":{},"end":{}}],"line":81},"13":{"loc":{"start":{"line":92,"column":8},"end":{"line":92,"column":57}},"type":"if","locations":[{"start":{"line":92,"column":8},"end":{"line":92,"column":57}},{"start":{},"end":{}}],"line":92},"14":{"loc":{"start":{"line":97,"column":8},"end":{"line":97,"column":57}},"type":"if","locations":[{"start":{"line":97,"column":8},"end":{"line":97,"column":57}},{"start":{},"end":{}}],"line":97},"15":{"loc":{"start":{"line":111,"column":8},"end":{"line":111,"column":57}},"type":"if","locations":[{"start":{"line":111,"column":8},"end":{"line":111,"column":57}},{"start":{},"end":{}}],"line":111},"16":{"loc":{"start":{"line":113,"column":8},"end":{"line":131,"column":9}},"type":"if","locations":[{"start":{"line":113,"column":8},"end":{"line":131,"column":9}},{"start":{"line":118,"column":13},"end":{"line":131,"column":9}}],"line":113},"17":{"loc":{"start":{"line":122,"column":20},"end":{"line":122,"column":69}},"type":"if","locations":[{"start":{"line":122,"column":20},"end":{"line":122,"column":69}},{"start":{},"end":{}}],"line":122},"18":{"loc":{"start":{"line":127,"column":20},"end":{"line":127,"column":69}},"type":"if","locations":[{"start":{"line":127,"column":20},"end":{"line":127,"column":69}},{"start":{},"end":{}}],"line":127},"19":{"loc":{"start":{"line":141,"column":8},"end":{"line":141,"column":57}},"type":"if","locations":[{"start":{"line":141,"column":8},"end":{"line":141,"column":57}},{"start":{},"end":{}}],"line":141},"20":{"loc":{"start":{"line":143,"column":8},"end":{"line":149,"column":9}},"type":"if","locations":[{"start":{"line":143,"column":8},"end":{"line":149,"column":9}},{"start":{"line":146,"column":15},"end":{"line":149,"column":9}}],"line":143},"21":{"loc":{"start":{"line":157,"column":8},"end":{"line":157,"column":57}},"type":"if","locations":[{"start":{"line":157,"column":8},"end":{"line":157,"column":57}},{"start":{},"end":{}}],"line":157},"22":{"loc":{"start":{"line":173,"column":8},"end":{"line":173,"column":57}},"type":"if","locations":[{"start":{"line":173,"column":8},"end":{"line":173,"column":57}},{"start":{},"end":{}}],"line":173},"23":{"loc":{"start":{"line":175,"column":8},"end":{"line":180,"column":9}},"type":"if","locations":[{"start":{"line":175,"column":8},"end":{"line":180,"column":9}},{"start":{"line":178,"column":15},"end":{"line":180,"column":9}}],"line":175},"24":{"loc":{"start":{"line":187,"column":8},"end":{"line":187,"column":57}},"type":"if","locations":[{"start":{"line":187,"column":8},"end":{"line":187,"column":57}},{"start":{},"end":{}}],"line":187},"25":{"loc":{"start":{"line":194,"column":12},"end":{"line":194,"column":61}},"type":"if","locations":[{"start":{"line":194,"column":12},"end":{"line":194,"column":61}},{"start":{},"end":{}}],"line":194},"26":{"loc":{"start":{"line":198,"column":12},"end":{"line":198,"column":61}},"type":"if","locations":[{"start":{"line":198,"column":12},"end":{"line":198,"column":61}},{"start":{},"end":{}}],"line":198}},"s":{"0":1,"1":1,"2":0,"3":0,"4":0,"5":0,"6":0,"7":0,"8":0,"9":0,"10":0,"11":0,"12":0,"13":0,"14":0,"15":0,"16":0,"17":0,"18":0,"19":1,"20":0,"21":0,"22":0,"23":0,"24":0,"25":1,"26":0,"27":0,"28":0,"29":0,"30":0,"31":1,"32":0,"33":0,"34":0,"35":0,"36":0,"37":0,"38":1,"39":0,"40":0,"41":0,"42":0,"43":0,"44":0,"45":1,"46":0,"47":0,"48":0,"49":0,"50":0,"51":0,"52":1,"53":0,"54":0,"55":0,"56":0,"57":0,"58":0,"59":0,"60":0,"61":0,"62":0,"63":1,"64":0,"65":0,"66":0,"67":0,"68":0,"69":0,"70":0,"71":0,"72":0,"73":0,"74":0,"75":0,"76":0,"77":0,"78":0,"79":0,"80":0,"81":0,"82":0,"83":0,"84":1,"85":0,"86":0,"87":0,"88":0,"89":0,"90":0,"91":0,"92":0,"93":0,"94":0,"95":1,"96":0,"97":0,"98":0,"99":0,"100":0,"101":0,"102":0,"103":1,"104":0,"105":0,"106":0,"107":0,"108":0,"109":0,"110":0,"111":0,"112":0,"113":1,"114":0,"115":0,"116":0,"117":0,"118":0,"119":0,"120":0,"121":0,"122":0,"123":0,"124":0,"125":0,"126":0,"127":0,"128":0,"129":0,"130":0,"131":0,"132":1},"f":{"0":0,"1":0,"2":0,"3":0,"4":0,"5":0,"6":0,"7":0,"8":0,"9":0,"10":0,"11":0,"12":0,"13":0,"14":0,"15":0,"16":0,"17":0,"18":0,"19":0,"20":0,"21":0,"22":0,"23":0,"24":0,"25":0,"26":0,"27":0,"28":0},"b":{"0":[0,0],"1":[0,0],"2":[0,0],"3":[0,0],"4":[0,0],"5":[0,0],"6":[0,0],"7":[0,0],"8":[0,0],"9":[0,0],"10":[0,0],"11":[0,0],"12":[0,0],"13":[0,0],"14":[0,0],"15":[0,0],"16":[0,0],"17":[0,0],"18":[0,0],"19":[0,0],"20":[0,0],"21":[0,0],"22":[0,0],"23":[0,0],"24":[0,0],"25":[0,0],"26":[0,0]},"_coverageSchema":"1a1c01bbd47fc00a2c39e90264f33305004495a9","hash":"fbabab463bee82a74018aa57ae4a9ded768cbe7b"}
}
