TN:
SF:index.js
FN:27,(anonymous_0)
FN:33,(anonymous_1)
FN:39,(anonymous_2)
FN:44,(anonymous_3)
FN:49,(anonymous_4)
FN:54,(anonymous_5)
FN:59,(anonymous_6)
FN:64,(anonymous_7)
FN:69,(anonymous_8)
FN:74,(anonymous_9)
FN:79,(anonymous_10)
FN:84,(anonymous_11)
FN:89,(anonymous_12)
FN:94,(anonymous_13)
FN:99,(anonymous_14)
FN:104,(anonymous_15)
FNF:16
FNH:2
FNDA:2,(anonymous_0)
FNDA:2,(anonymous_1)
FNDA:0,(anonymous_2)
FNDA:0,(anonymous_3)
FNDA:0,(anonymous_4)
FNDA:0,(anonymous_5)
FNDA:0,(anonymous_6)
FNDA:0,(anonymous_7)
FNDA:0,(anonymous_8)
FNDA:0,(anonymous_9)
FNDA:0,(anonymous_10)
FNDA:0,(anonymous_11)
FNDA:0,(anonymous_12)
FNDA:0,(anonymous_13)
FNDA:0,(anonymous_14)
FNDA:0,(anonymous_15)
DA:9,1
DA:10,1
DA:11,1
DA:12,1
DA:13,1
DA:14,1
DA:15,1
DA:17,1
DA:20,1
DA:21,1
DA:22,1
DA:27,1
DA:28,2
DA:29,2
DA:30,2
DA:33,1
DA:35,2
DA:39,1
DA:40,0
DA:44,1
DA:45,0
DA:49,1
DA:50,0
DA:54,1
DA:55,0
DA:59,1
DA:60,0
DA:64,1
DA:65,0
DA:69,1
DA:70,0
DA:74,1
DA:75,0
DA:79,1
DA:80,0
DA:84,1
DA:85,0
DA:89,1
DA:90,0
DA:94,1
DA:95,0
DA:99,1
DA:100,0
DA:104,1
DA:105,0
DA:112,1
LF:46
LH:32
BRF:0
BRH:0
end_of_record
TN:
SF:queries.js
FN:17,checkLogedIn
FN:21,checkAccess
FN:36,(anonymous_2)
FN:37,(anonymous_3)
FN:43,(anonymous_4)
FN:44,(anonymous_5)
FN:51,(anonymous_6)
FN:54,(anonymous_7)
FN:63,(anonymous_8)
FN:66,(anonymous_9)
FN:74,(anonymous_10)
FN:80,(anonymous_11)
FN:87,(anonymous_12)
FN:91,(anonymous_13)
FN:96,(anonymous_14)
FN:103,(anonymous_15)
FN:110,(anonymous_16)
FN:121,(anonymous_17)
FN:126,(anonymous_18)
FN:135,(anonymous_19)
FN:139,(anonymous_20)
FN:154,(anonymous_21)
FN:156,(anonymous_22)
FN:167,(anonymous_23)
FN:171,(anonymous_24)
FN:185,(anonymous_25)
FN:186,(anonymous_26)
FN:193,(anonymous_27)
FN:197,(anonymous_28)
FNF:29
FNH:0
FNDA:0,checkLogedIn
FNDA:0,checkAccess
FNDA:0,(anonymous_2)
FNDA:0,(anonymous_3)
FNDA:0,(anonymous_4)
FNDA:0,(anonymous_5)
FNDA:0,(anonymous_6)
FNDA:0,(anonymous_7)
FNDA:0,(anonymous_8)
FNDA:0,(anonymous_9)
FNDA:0,(anonymous_10)
FNDA:0,(anonymous_11)
FNDA:0,(anonymous_12)
FNDA:0,(anonymous_13)
FNDA:0,(anonymous_14)
FNDA:0,(anonymous_15)
FNDA:0,(anonymous_16)
FNDA:0,(anonymous_17)
FNDA:0,(anonymous_18)
FNDA:0,(anonymous_19)
FNDA:0,(anonymous_20)
FNDA:0,(anonymous_21)
FNDA:0,(anonymous_22)
FNDA:0,(anonymous_23)
FNDA:0,(anonymous_24)
FNDA:0,(anonymous_25)
FNDA:0,(anonymous_26)
FNDA:0,(anonymous_27)
FNDA:0,(anonymous_28)
DA:8,1
DA:9,1
DA:18,0
DA:22,0
DA:23,0
DA:24,0
DA:25,0
DA:26,0
DA:27,0
DA:28,0
DA:31,0
DA:32,0
DA:36,1
DA:37,0
DA:38,0
DA:40,0
DA:43,1
DA:44,0
DA:45,0
DA:47,0
DA:51,1
DA:53,0
DA:54,0
DA:55,0
DA:57,0
DA:63,1
DA:65,0
DA:67,0
DA:69,0
DA:70,0
DA:74,1
DA:76,0
DA:79,0
DA:81,0
DA:82,0
DA:87,1
DA:89,0
DA:91,0
DA:92,0
DA:96,0
DA:97,0
DA:98,0
DA:103,1
DA:105,0
DA:106,0
DA:108,0
DA:110,0
DA:111,0
DA:113,0
DA:114,0
DA:115,0
DA:116,0
DA:120,0
DA:122,0
DA:125,0
DA:127,0
DA:130,0
DA:135,1
DA:137,0
DA:139,0
DA:141,0
DA:143,0
DA:145,0
DA:147,0
DA:148,0
DA:150,0
DA:154,1
DA:156,0
DA:157,0
DA:159,0
DA:160,0
DA:161,0
DA:167,1
DA:169,0
DA:171,0
DA:173,0
DA:175,0
DA:177,0
DA:179,0
DA:181,0
DA:185,1
DA:186,0
DA:187,0
DA:189,0
DA:190,0
DA:191,0
DA:193,0
DA:194,0
DA:195,0
DA:197,0
DA:198,0
DA:199,0
DA:201,0
DA:206,1
LF:94
LH:14
BRDA:22,0,0,0
BRDA:22,0,1,0
BRDA:23,1,0,0
BRDA:23,1,1,0
BRDA:24,2,0,0
BRDA:24,2,1,0
BRDA:25,3,0,0
BRDA:25,3,1,0
BRDA:26,4,0,0
BRDA:26,4,1,0
BRDA:27,5,0,0
BRDA:27,5,1,0
BRDA:28,6,0,0
BRDA:28,6,1,0
BRDA:31,7,0,0
BRDA:31,7,1,0
BRDA:38,8,0,0
BRDA:38,8,1,0
BRDA:45,9,0,0
BRDA:45,9,1,0
BRDA:55,10,0,0
BRDA:55,10,1,0
BRDA:67,11,0,0
BRDA:67,11,1,0
BRDA:81,12,0,0
BRDA:81,12,1,0
BRDA:92,13,0,0
BRDA:92,13,1,0
BRDA:97,14,0,0
BRDA:97,14,1,0
BRDA:111,15,0,0
BRDA:111,15,1,0
BRDA:113,16,0,0
BRDA:113,16,1,0
BRDA:122,17,0,0
BRDA:122,17,1,0
BRDA:127,18,0,0
BRDA:127,18,1,0
BRDA:141,19,0,0
BRDA:141,19,1,0
BRDA:143,20,0,0
BRDA:143,20,1,0
BRDA:157,21,0,0
BRDA:157,21,1,0
BRDA:173,22,0,0
BRDA:173,22,1,0
BRDA:175,23,0,0
BRDA:175,23,1,0
BRDA:187,24,0,0
BRDA:187,24,1,0
BRDA:194,25,0,0
BRDA:194,25,1,0
BRDA:198,26,0,0
BRDA:198,26,1,0
BRF:54
BRH:0
end_of_record
