TN:
SF:index.js
FN:27,(anonymous_0)
FN:33,(anonymous_1)
FN:39,(anonymous_2)
FN:44,(anonymous_3)
FN:49,(anonymous_4)
FN:55,(anonymous_5)
FN:60,(anonymous_6)
FN:65,(anonymous_7)
FN:70,(anonymous_8)
FN:75,(anonymous_9)
FN:80,(anonymous_10)
FN:85,(anonymous_11)
FN:90,(anonymous_12)
FN:95,(anonymous_13)
FN:100,(anonymous_14)
FN:105,(anonymous_15)
FNF:16
FNH:14
FNDA:21,(anonymous_0)
FNDA:0,(anonymous_1)
FNDA:3,(anonymous_2)
FNDA:0,(anonymous_3)
FNDA:1,(anonymous_4)
FNDA:1,(anonymous_5)
FNDA:1,(anonymous_6)
FNDA:3,(anonymous_7)
FNDA:1,(anonymous_8)
FNDA:2,(anonymous_9)
FNDA:2,(anonymous_10)
FNDA:1,(anonymous_11)
FNDA:2,(anonymous_12)
FNDA:1,(anonymous_13)
FNDA:2,(anonymous_14)
FNDA:1,(anonymous_15)
DA:9,1
DA:10,1
DA:11,1
DA:12,1
DA:13,1
DA:14,1
DA:15,1
DA:17,1
DA:20,1
DA:21,1
DA:22,1
DA:27,1
DA:28,21
DA:29,21
DA:30,21
DA:33,1
DA:35,0
DA:39,1
DA:40,3
DA:44,1
DA:45,0
DA:49,1
DA:51,1
DA:55,1
DA:56,1
DA:60,1
DA:61,1
DA:65,1
DA:66,3
DA:70,1
DA:71,1
DA:75,1
DA:76,2
DA:80,1
DA:81,2
DA:85,1
DA:86,1
DA:90,1
DA:91,2
DA:95,1
DA:96,1
DA:100,1
DA:101,2
DA:105,1
DA:106,1
DA:113,1
LF:46
LH:44
BRF:0
BRH:0
end_of_record
TN:
SF:queries.js
FN:17,checkLogedIn
FN:21,checkAccess
FN:36,(anonymous_2)
FN:37,(anonymous_3)
FN:43,(anonymous_4)
FN:44,(anonymous_5)
FN:51,(anonymous_6)
FN:54,(anonymous_7)
FN:63,(anonymous_8)
FN:66,(anonymous_9)
FN:74,(anonymous_10)
FN:80,(anonymous_11)
FN:87,(anonymous_12)
FN:91,(anonymous_13)
FN:96,(anonymous_14)
FN:103,(anonymous_15)
FN:110,(anonymous_16)
FN:121,(anonymous_17)
FN:126,(anonymous_18)
FN:135,(anonymous_19)
FN:139,(anonymous_20)
FN:154,(anonymous_21)
FN:156,(anonymous_22)
FN:167,(anonymous_23)
FN:171,(anonymous_24)
FN:185,(anonymous_25)
FN:186,(anonymous_26)
FN:193,(anonymous_27)
FN:197,(anonymous_28)
FNF:29
FNH:21
FNDA:18,checkLogedIn
FNDA:11,checkAccess
FNDA:1,(anonymous_2)
FNDA:1,(anonymous_3)
FNDA:1,(anonymous_4)
FNDA:1,(anonymous_5)
FNDA:0,(anonymous_6)
FNDA:0,(anonymous_7)
FNDA:0,(anonymous_8)
FNDA:0,(anonymous_9)
FNDA:1,(anonymous_10)
FNDA:1,(anonymous_11)
FNDA:1,(anonymous_12)
FNDA:1,(anonymous_13)
FNDA:1,(anonymous_14)
FNDA:2,(anonymous_15)
FNDA:2,(anonymous_16)
FNDA:1,(anonymous_17)
FNDA:1,(anonymous_18)
FNDA:3,(anonymous_19)
FNDA:3,(anonymous_20)
FNDA:2,(anonymous_21)
FNDA:2,(anonymous_22)
FNDA:0,(anonymous_23)
FNDA:0,(anonymous_24)
FNDA:1,(anonymous_25)
FNDA:1,(anonymous_26)
FNDA:0,(anonymous_27)
FNDA:0,(anonymous_28)
DA:8,1
DA:9,1
DA:18,18
DA:22,11
DA:23,6
DA:24,4
DA:25,4
DA:26,3
DA:27,2
DA:28,1
DA:31,5
DA:32,4
DA:36,1
DA:37,1
DA:38,1
DA:40,1
DA:43,1
DA:44,1
DA:45,1
DA:47,1
DA:51,1
DA:53,0
DA:54,0
DA:55,0
DA:57,0
DA:63,1
DA:65,0
DA:67,0
DA:69,0
DA:70,0
DA:74,1
DA:76,1
DA:79,1
DA:81,1
DA:82,1
DA:87,1
DA:89,1
DA:91,1
DA:92,1
DA:96,1
DA:97,1
DA:98,1
DA:103,1
DA:105,2
DA:106,2
DA:110,2
DA:111,2
DA:113,2
DA:114,1
DA:115,1
DA:116,1
DA:120,1
DA:122,1
DA:125,1
DA:127,1
DA:130,1
DA:135,1
DA:137,3
DA:139,3
DA:141,3
DA:143,3
DA:145,1
DA:148,2
DA:150,3
DA:154,1
DA:156,2
DA:157,2
DA:159,2
DA:160,2
DA:161,2
DA:167,1
DA:169,0
DA:171,0
DA:173,0
DA:175,0
DA:177,0
DA:179,0
DA:181,0
DA:185,1
DA:186,1
DA:187,1
DA:189,1
DA:190,0
DA:191,0
DA:193,0
DA:194,0
DA:195,0
DA:197,0
DA:198,0
DA:199,0
DA:201,0
DA:206,1
LF:92
LH:68
BRDA:22,0,0,6
BRDA:22,0,1,5
BRDA:23,1,0,2
BRDA:23,1,1,4
BRDA:24,2,0,0
BRDA:24,2,1,4
BRDA:25,3,0,1
BRDA:25,3,1,3
BRDA:26,4,0,1
BRDA:26,4,1,2
BRDA:27,5,0,1
BRDA:27,5,1,1
BRDA:28,6,0,1
BRDA:28,6,1,0
BRDA:31,7,0,1
BRDA:31,7,1,4
BRDA:38,8,0,0
BRDA:38,8,1,1
BRDA:45,9,0,0
BRDA:45,9,1,1
BRDA:55,10,0,0
BRDA:55,10,1,0
BRDA:67,11,0,0
BRDA:67,11,1,0
BRDA:81,12,0,0
BRDA:81,12,1,1
BRDA:92,13,0,0
BRDA:92,13,1,1
BRDA:97,14,0,0
BRDA:97,14,1,1
BRDA:111,15,0,0
BRDA:111,15,1,2
BRDA:113,16,0,1
BRDA:113,16,1,1
BRDA:122,17,0,0
BRDA:122,17,1,1
BRDA:127,18,0,0
BRDA:127,18,1,1
BRDA:141,19,0,0
BRDA:141,19,1,3
BRDA:143,20,0,1
BRDA:143,20,1,2
BRDA:157,21,0,0
BRDA:157,21,1,2
BRDA:173,22,0,0
BRDA:173,22,1,0
BRDA:175,23,0,0
BRDA:175,23,1,0
BRDA:187,24,0,0
BRDA:187,24,1,1
BRDA:194,25,0,0
BRDA:194,25,1,0
BRDA:198,26,0,0
BRDA:198,26,1,0
BRF:54
BRH:29
end_of_record
